#
# There is insufficient memory for the Java Runtime Environment to continue.
# Native memory allocation (malloc) failed to allocate 1048576 bytes for AllocateHeap
# Possible reasons:
#   The system is out of physical RAM or swap space
#   The process is running with CompressedOops enabled, and the Java Heap may be blocking the growth of the native heap
# Possible solutions:
#   Reduce memory load on the system
#   Increase physical memory or swap space
#   Check if swap backing store is full
#   Decrease Java heap size (-Xmx/-Xms)
#   Decrease number of Java threads
#   Decrease Java thread stack sizes (-Xss)
#   Set larger code cache with -XX:ReservedCodeCacheSize=
#   JVM is running with Unscaled Compressed Oops mode in which the Java heap is
#     placed in the first 4GB address space. The Java Heap base address is the
#     maximum limit for the native heap growth. Please use -XX:HeapBaseMinAddress
#     to set the Java Heap base and to place the Java Heap above 4GB virtual address.
# This output file may be truncated or incomplete.
#
#  Out of Memory Error (memory/allocation.inline.hpp:61), pid=12604, tid=0x0000000000002d10
#
# JRE version:  (8.0_211-b12) (build )
# Java VM: Java HotSpot(TM) 64-Bit Server VM (25.211-b12 mixed mode windows-amd64 compressed oops)
# Failed to write core dump. Minidumps are not enabled by default on client versions of Windows
#

---------------  T H R E A D  ---------------

Current thread (0x0000000002dee000):  JavaThread "Unknown thread" [_thread_in_vm, id=11536, stack(0x0000000002ca0000,0x0000000002da0000)]

Stack: [0x0000000002ca0000,0x0000000002da0000]
[error occurred during error reporting (printing stack bounds), id 0xc0000005]

Native frames: (J=compiled Java code, j=interpreted, Vv=VM code, C=native code)


---------------  P R O C E S S  ---------------

Java Threads: ( => current thread )

Other Threads:

=>0x0000000002dee000 (exited) JavaThread "Unknown thread" [_thread_in_vm, id=11536, stack(0x0000000002ca0000,0x0000000002da0000)]

VM state:not at safepoint (normal execution)

VM Mutex/Monitor currently owned by a thread: None

heap address: 0x00000000c1800000, size: 1000 MB, Compressed Oops mode: 32-bit
Narrow klass base: 0x0000000000000000, Narrow klass shift: 3
Compressed class space size: 1073741824 Address: 0x0000000100000000

Heap:
 PSYoungGen      total 18944K, used 327K [0x00000000eb300000, 0x00000000ec800000, 0x0000000100000000)
  eden space 16384K, 2% used [0x00000000eb300000,0x00000000eb351ec8,0x00000000ec300000)
  from space 2560K, 0% used [0x00000000ec580000,0x00000000ec580000,0x00000000ec800000)
  to   space 2560K, 0% used [0x00000000ec300000,0x00000000ec300000,0x00000000ec580000)
 ParOldGen       total 44032K, used 0K [0x00000000c1800000, 0x00000000c4300000, 0x00000000eb300000)
  object space 44032K, 0% used [0x00000000c1800000,0x00000000c1800000,0x00000000c4300000)
 Metaspace       used 751K, capacity 4480K, committed 4480K, reserved 1056768K
  class space    used 76K, capacity 384K, committed 384K, reserved 1048576K

Card table byte_map: [0x00000000122b0000,0x00000000124b0000] byte_map_base: 0x0000000011ca4000

Marking Bits: (ParMarkBitMap*) 0x000000005d415ce0
 Begin Bits: [0x0000000012a00000, 0x00000000139a0000)
 End Bits:   [0x00000000139a0000, 0x0000000014940000)

Polling page: 0x0000000000e20000

CodeCache: size=245760Kb used=328Kb max_used=328Kb free=245431Kb
 bounds [0x0000000002ef0000, 0x0000000003160000, 0x0000000011ef0000]
 total_blobs=58 nmethods=0 adapters=38
 compilation: enabled

Compilation events (0 events):
No events

GC Heap History (0 events):
No events

Deoptimization events (0 events):
No events

Classes redefined (0 events):
No events

Internal exceptions (0 events):
No events

Events (10 events):
Event: 0.024 loading class java/lang/Short
Event: 0.024 loading class java/lang/Short done
Event: 0.024 loading class java/lang/Integer
Event: 0.024 loading class java/lang/Integer done
Event: 0.024 loading class java/lang/Long
Event: 0.024 loading class java/lang/Long done
Event: 0.025 loading class java/lang/NullPointerException
Event: 0.025 loading class java/lang/NullPointerException done
Event: 0.025 loading class java/lang/ArithmeticException
Event: 0.025 loading class java/lang/ArithmeticException done


Dynamic libraries:
0x00007ff776c20000 - 0x00007ff776c57000 	C:\Program Files\Java\jre1.8.0_211\bin\javaw.exe
0x00007ffa8d520000 - 0x00007ffa8d710000 	C:\WINDOWS\SYSTEM32\ntdll.dll
0x00007ffa8c8b0000 - 0x00007ffa8c962000 	C:\WINDOWS\System32\KERNEL32.DLL
0x00007ffa8a920000 - 0x00007ffa8abc3000 	C:\WINDOWS\System32\KERNELBASE.dll
0x00007ffa8c300000 - 0x00007ffa8c3a3000 	C:\WINDOWS\System32\ADVAPI32.dll
0x00007ffa8c810000 - 0x00007ffa8c8ae000 	C:\WINDOWS\System32\msvcrt.dll
0x00007ffa8be50000 - 0x00007ffa8bee7000 	C:\WINDOWS\System32\sechost.dll
0x00007ffa8bcc0000 - 0x00007ffa8bde0000 	C:\WINDOWS\System32\RPCRT4.dll
0x00007ffa8cfb0000 - 0x00007ffa8d144000 	C:\WINDOWS\System32\USER32.dll
0x00007ffa8a770000 - 0x00007ffa8a791000 	C:\WINDOWS\System32\win32u.dll
0x00007ffa8cf80000 - 0x00007ffa8cfa6000 	C:\WINDOWS\System32\GDI32.dll
0x00007ffa8a5d0000 - 0x00007ffa8a764000 	C:\WINDOWS\System32\gdi32full.dll
0x00007ffa8a530000 - 0x00007ffa8a5ce000 	C:\WINDOWS\System32\msvcp_win.dll
0x00007ffa8a7f0000 - 0x00007ffa8a8ea000 	C:\WINDOWS\System32\ucrtbase.dll
0x00007ffa7c400000 - 0x00007ffa7c685000 	C:\WINDOWS\WinSxS\amd64_microsoft.windows.common-controls_6595b64144ccf1df_6.0.18362.778_none_e6c6b761130d4fb8\COMCTL32.dll
0x00007ffa8bfc0000 - 0x00007ffa8c2f6000 	C:\WINDOWS\System32\combase.dll
0x00007ffa8a4b0000 - 0x00007ffa8a530000 	C:\WINDOWS\System32\bcryptPrimitives.dll
0x00007ffa8ce80000 - 0x00007ffa8ceae000 	C:\WINDOWS\System32\IMM32.DLL
0x000000005ca30000 - 0x000000005cb02000 	C:\Program Files\Java\jre1.8.0_211\bin\msvcr100.dll
0x000000005cbf0000 - 0x000000005d495000 	C:\Program Files\Java\jre1.8.0_211\bin\server\jvm.dll
0x00007ffa8d390000 - 0x00007ffa8d398000 	C:\WINDOWS\System32\PSAPI.DLL
0x00007ffa88d80000 - 0x00007ffa88d89000 	C:\WINDOWS\SYSTEM32\WSOCK32.dll
0x00007ffa8c790000 - 0x00007ffa8c7ff000 	C:\WINDOWS\System32\WS2_32.dll
0x00007ffa83e20000 - 0x00007ffa83e2a000 	C:\WINDOWS\SYSTEM32\VERSION.dll
0x00007ffa878f0000 - 0x00007ffa87914000 	C:\WINDOWS\SYSTEM32\WINMM.dll
0x00007ffa878c0000 - 0x00007ffa878ed000 	C:\WINDOWS\SYSTEM32\WINMMBASE.dll
0x00007ffa8a7a0000 - 0x00007ffa8a7ea000 	C:\WINDOWS\System32\cfgmgr32.dll
0x00007ffa848c0000 - 0x00007ffa848cf000 	C:\Program Files\Java\jre1.8.0_211\bin\verify.dll
0x00007ffa59710000 - 0x00007ffa59739000 	C:\Program Files\Java\jre1.8.0_211\bin\java.dll
0x00007ffa58c90000 - 0x00007ffa58ca6000 	C:\Program Files\Java\jre1.8.0_211\bin\zip.dll

VM Arguments:
jvm_args: -Dfile.encoding=Cp1252 
java_command: scrabble_1.Application
java_class_path (initial): C:\Users\Utilisateur\Desktop\projet java\scrabble_project\bin
Launcher Type: SUN_STANDARD

Environment Variables:
PATH=C:/Program Files/Java/jre1.8.0_211/bin/server;C:/Program Files/Java/jre1.8.0_211/bin;C:/Program Files/Java/jre1.8.0_211/lib/amd64;C:\Program Files (x86)\Common Files\Oracle\Java\javapath;C:\Program Files (x86)\Intel\iCLS Client\;C:\Program Files\Intel\iCLS Client\;C:\Windows\system32;C:\Windows;C:\Windows\System32\Wbem;C:\Windows\System32\WindowsPowerShell\v1.0\;C:\Program Files (x86)\Intel\Intel(R) Management Engine Components\DAL;C:\Program Files\Intel\Intel(R) Management Engine Components\DAL;C:\Program Files (x86)\Intel\Intel(R) Management Engine Components\IPT;C:\Program Files\Intel\Intel(R) Management Engine Components\IPT;C:\Program Files (x86)\NVIDIA Corporation\PhysX\Common;C:\WINDOWS\system32;C:\WINDOWS;C:\WINDOWS\System32\Wbem;C:\WINDOWS\System32\WindowsPowerShell\v1.0\;C:\WINDOWS\System32\OpenSSH\;C:\Program Files\NVIDIA Corporation\NVIDIA NvDLISR;C:\WINDOWS\system32;C:\WINDOWS;C:\WINDOWS\System32\Wbem;C:\WINDOWS\System32\WindowsPowerShell\v1.0\;C:\WINDOWS\System32\OpenSSH\;C:\Program Files\Git\cmd;C:\Users\Utilisateur\AppData\Local\Microsoft\WindowsApps;C:\Program Files (x86)\gfortran\bin;;C:\Users\Utilisateur\Desktop\Java\eclipse;
USERNAME=Utilisateur
OS=Windows_NT
PROCESSOR_IDENTIFIER=Intel64 Family 6 Model 61 Stepping 4, GenuineIntel



---------------  S Y S T E M  ---------------

OS: Windows 10.0 , 64 bit Build 18362 (10.0.18362.778)

CPU:total 4 (initial active 4) (2 cores per cpu, 2 threads per core) family 6 model 61 stepping 4, cmov, cx8, fxsr, mmx, sse, sse2, sse3, ssse3, sse4.1, sse4.2, popcnt, avx, avx2, aes, clmul, erms, 3dnowpref, lzcnt, ht, tsc, tscinvbit, bmi1, bmi2, adx

Memory: 4k page, physical 4094296k(939176k free), swap 16677208k(6076k free)

vm_info: Java HotSpot(TM) 64-Bit Server VM (25.211-b12) for windows-amd64 JRE (1.8.0_211-b12), built on Apr  1 2019 20:53:26 by "java_re" with MS VC++ 10.0 (VS2010)

time: Tue May 12 17:44:47 2020
timezone: Paris, Madrid (heure d’été)
elapsed time: 0 seconds (0d 0h 0m 0s)

